<?xml version="1.0" encoding="UTF-8"?>
<testsuite xmlns:xsi="http://www.w3.org/2001/XMLSchema-instance" xsi:noNamespaceSchemaLocation="https://maven.apache.org/surefire/maven-surefire-plugin/xsd/surefire-test-report.xsd" name="epam.lab9.WebDriverUnitTest" time="1.581" tests="1" errors="1" skipped="0" failures="0">
  <properties>
    <property name="java.specification.version" value="22"/>
    <property name="sun.cpu.isalist" value="amd64"/>
    <property name="sun.jnu.encoding" value="Cp1251"/>
    <property name="java.class.path" value="D:\6\TPO\lab9\lab11\target\test-classes;D:\6\TPO\lab9\lab11\target\classes;C:\Users\Migihara\.m2\repository\junit\junit\4.13.1\junit-4.13.1.jar;C:\Users\Migihara\.m2\repository\org\hamcrest\hamcrest-core\1.3\hamcrest-core-1.3.jar;C:\Users\Migihara\.m2\repository\org\seleniumhq\selenium\selenium-server\3.8.1\selenium-server-3.8.1.jar;C:\Users\Migihara\.m2\repository\org\seleniumhq\selenium\selenium-java\3.8.1\selenium-java-3.8.1.jar;C:\Users\Migihara\.m2\repository\org\seleniumhq\selenium\selenium-api\3.8.1\selenium-api-3.8.1.jar;C:\Users\Migihara\.m2\repository\org\seleniumhq\selenium\selenium-chrome-driver\3.8.1\selenium-chrome-driver-3.8.1.jar;C:\Users\Migihara\.m2\repository\org\seleniumhq\selenium\selenium-edge-driver\3.8.1\selenium-edge-driver-3.8.1.jar;C:\Users\Migihara\.m2\repository\org\seleniumhq\selenium\selenium-firefox-driver\3.8.1\selenium-firefox-driver-3.8.1.jar;C:\Users\Migihara\.m2\repository\org\seleniumhq\selenium\selenium-ie-driver\3.8.1\selenium-ie-driver-3.8.1.jar;C:\Users\Migihara\.m2\repository\org\seleniumhq\selenium\selenium-opera-driver\3.8.1\selenium-opera-driver-3.8.1.jar;C:\Users\Migihara\.m2\repository\org\seleniumhq\selenium\selenium-remote-driver\3.8.1\selenium-remote-driver-3.8.1.jar;C:\Users\Migihara\.m2\repository\org\seleniumhq\selenium\selenium-safari-driver\3.8.1\selenium-safari-driver-3.8.1.jar;C:\Users\Migihara\.m2\repository\org\seleniumhq\selenium\selenium-support\3.8.1\selenium-support-3.8.1.jar;C:\Users\Migihara\.m2\repository\com\beust\jcommander\1.48\jcommander-1.48.jar;C:\Users\Migihara\.m2\repository\net\bytebuddy\byte-buddy\1.7.5\byte-buddy-1.7.5.jar;C:\Users\Migihara\.m2\repository\org\apache\commons\commons-exec\1.3\commons-exec-1.3.jar;C:\Users\Migihara\.m2\repository\org\apache\commons\commons-lang3\3.7\commons-lang3-3.7.jar;C:\Users\Migihara\.m2\repository\org\apache\commons\commons-text\1.1\commons-text-1.1.jar;C:\Users\Migihara\.m2\repository\commons-codec\commons-codec\1.10\commons-codec-1.10.jar;C:\Users\Migihara\.m2\repository\commons-io\commons-io\2.6\commons-io-2.6.jar;C:\Users\Migihara\.m2\repository\commons-logging\commons-logging\1.2\commons-logging-1.2.jar;C:\Users\Migihara\.m2\repository\commons-net\commons-net\3.6\commons-net-3.6.jar;C:\Users\Migihara\.m2\repository\org\w3c\css\sac\1.3\sac-1.3.jar;C:\Users\Migihara\.m2\repository\net\sourceforge\cssparser\cssparser\0.9.24\cssparser-0.9.24.jar;C:\Users\Migihara\.m2\repository\com\google\code\gson\gson\2.8.2\gson-2.8.2.jar;C:\Users\Migihara\.m2\repository\com\google\guava\guava\23.0\guava-23.0.jar;C:\Users\Migihara\.m2\repository\com\google\code\findbugs\jsr305\1.3.9\jsr305-1.3.9.jar;C:\Users\Migihara\.m2\repository\com\google\errorprone\error_prone_annotations\2.0.18\error_prone_annotations-2.0.18.jar;C:\Users\Migihara\.m2\repository\com\google\j2objc\j2objc-annotations\1.1\j2objc-annotations-1.1.jar;C:\Users\Migihara\.m2\repository\org\codehaus\mojo\animal-sniffer-annotations\1.14\animal-sniffer-annotations-1.14.jar;C:\Users\Migihara\.m2\repository\net\sourceforge\htmlunit\htmlunit\2.28\htmlunit-2.28.jar;C:\Users\Migihara\.m2\repository\net\sourceforge\htmlunit\htmlunit-core-js\2.28\htmlunit-core-js-2.28.jar;C:\Users\Migihara\.m2\repository\net\sourceforge\htmlunit\neko-htmlunit\2.28\neko-htmlunit-2.28.jar;C:\Users\Migihara\.m2\repository\org\apache\httpcomponents\httpclient\4.5.3\httpclient-4.5.3.jar;C:\Users\Migihara\.m2\repository\org\apache\httpcomponents\httpcore\4.4.6\httpcore-4.4.6.jar;C:\Users\Migihara\.m2\repository\org\apache\httpcomponents\httpmime\4.5.3\httpmime-4.5.3.jar;C:\Users\Migihara\.m2\repository\net\jcip\jcip-annotations\1.0\jcip-annotations-1.0.jar;C:\Users\Migihara\.m2\repository\org\seleniumhq\selenium\jetty-repacked\9.4.7.v20170914\jetty-repacked-9.4.7.v20170914.jar;C:\Users\Migihara\.m2\repository\org\eclipse\jetty\jetty-client\9.4.7.v20170914\jetty-client-9.4.7.v20170914.jar;C:\Users\Migihara\.m2\repository\org\eclipse\jetty\jetty-http\9.4.7.v20170914\jetty-http-9.4.7.v20170914.jar;C:\Users\Migihara\.m2\repository\org\eclipse\jetty\jetty-io\9.4.7.v20170914\jetty-io-9.4.7.v20170914.jar;C:\Users\Migihara\.m2\repository\org\eclipse\jetty\jetty-util\9.4.7.v20170914\jetty-util-9.4.7.v20170914.jar;C:\Users\Migihara\.m2\repository\org\eclipse\jetty\jetty-xml\9.4.7.v20170914\jetty-xml-9.4.7.v20170914.jar;C:\Users\Migihara\.m2\repository\org\seleniumhq\selenium\htmlunit-driver\2.28\htmlunit-driver-2.28.jar;C:\Users\Migihara\.m2\repository\javax\servlet\javax.servlet-api\3.1.0\javax.servlet-api-3.1.0.jar;C:\Users\Migihara\.m2\repository\org\eclipse\jetty\websocket\websocket-api\9.4.7.v20170914\websocket-api-9.4.7.v20170914.jar;C:\Users\Migihara\.m2\repository\org\eclipse\jetty\websocket\websocket-client\9.4.7.v20170914\websocket-client-9.4.7.v20170914.jar;C:\Users\Migihara\.m2\repository\org\eclipse\jetty\websocket\websocket-common\9.4.7.v20170914\websocket-common-9.4.7.v20170914.jar;C:\Users\Migihara\.m2\repository\xalan\serializer\2.7.2\serializer-2.7.2.jar;C:\Users\Migihara\.m2\repository\xalan\xalan\2.7.2\xalan-2.7.2.jar;C:\Users\Migihara\.m2\repository\xerces\xercesImpl\2.11.0\xercesImpl-2.11.0.jar;C:\Users\Migihara\.m2\repository\xml-apis\xml-apis\1.4.01\xml-apis-1.4.01.jar;C:\Users\Migihara\.m2\repository\org\yaml\snakeyaml\1.15\snakeyaml-1.15.jar;"/>
    <property name="java.vm.vendor" value="Oracle Corporation"/>
    <property name="sun.arch.data.model" value="64"/>
    <property name="user.variant" value=""/>
    <property name="java.vendor.url" value="https://java.oracle.com/"/>
    <property name="user.timezone" value="Europe/Moscow"/>
    <property name="os.name" value="Windows 10"/>
    <property name="java.vm.specification.version" value="22"/>
    <property name="sun.java.launcher" value="SUN_STANDARD"/>
    <property name="user.country" value="RU"/>
    <property name="sun.boot.library.path" value="C:\Program Files\Java\jdk-22\bin"/>
    <property name="sun.java.command" value="C:\Users\Migihara\AppData\Local\Temp\surefire585628933193327466\surefirebooter10143843949508216678.jar C:\Users\Migihara\AppData\Local\Temp\surefire585628933193327466 2024-05-18T12-26-48_434-jvmRun1 surefire13035729807384556941tmp surefire_04218189952490861788tmp"/>
    <property name="jdk.debug" value="release"/>
    <property name="surefire.test.class.path" value="D:\6\TPO\lab9\lab11\target\test-classes;D:\6\TPO\lab9\lab11\target\classes;C:\Users\Migihara\.m2\repository\junit\junit\4.13.1\junit-4.13.1.jar;C:\Users\Migihara\.m2\repository\org\hamcrest\hamcrest-core\1.3\hamcrest-core-1.3.jar;C:\Users\Migihara\.m2\repository\org\seleniumhq\selenium\selenium-server\3.8.1\selenium-server-3.8.1.jar;C:\Users\Migihara\.m2\repository\org\seleniumhq\selenium\selenium-java\3.8.1\selenium-java-3.8.1.jar;C:\Users\Migihara\.m2\repository\org\seleniumhq\selenium\selenium-api\3.8.1\selenium-api-3.8.1.jar;C:\Users\Migihara\.m2\repository\org\seleniumhq\selenium\selenium-chrome-driver\3.8.1\selenium-chrome-driver-3.8.1.jar;C:\Users\Migihara\.m2\repository\org\seleniumhq\selenium\selenium-edge-driver\3.8.1\selenium-edge-driver-3.8.1.jar;C:\Users\Migihara\.m2\repository\org\seleniumhq\selenium\selenium-firefox-driver\3.8.1\selenium-firefox-driver-3.8.1.jar;C:\Users\Migihara\.m2\repository\org\seleniumhq\selenium\selenium-ie-driver\3.8.1\selenium-ie-driver-3.8.1.jar;C:\Users\Migihara\.m2\repository\org\seleniumhq\selenium\selenium-opera-driver\3.8.1\selenium-opera-driver-3.8.1.jar;C:\Users\Migihara\.m2\repository\org\seleniumhq\selenium\selenium-remote-driver\3.8.1\selenium-remote-driver-3.8.1.jar;C:\Users\Migihara\.m2\repository\org\seleniumhq\selenium\selenium-safari-driver\3.8.1\selenium-safari-driver-3.8.1.jar;C:\Users\Migihara\.m2\repository\org\seleniumhq\selenium\selenium-support\3.8.1\selenium-support-3.8.1.jar;C:\Users\Migihara\.m2\repository\com\beust\jcommander\1.48\jcommander-1.48.jar;C:\Users\Migihara\.m2\repository\net\bytebuddy\byte-buddy\1.7.5\byte-buddy-1.7.5.jar;C:\Users\Migihara\.m2\repository\org\apache\commons\commons-exec\1.3\commons-exec-1.3.jar;C:\Users\Migihara\.m2\repository\org\apache\commons\commons-lang3\3.7\commons-lang3-3.7.jar;C:\Users\Migihara\.m2\repository\org\apache\commons\commons-text\1.1\commons-text-1.1.jar;C:\Users\Migihara\.m2\repository\commons-codec\commons-codec\1.10\commons-codec-1.10.jar;C:\Users\Migihara\.m2\repository\commons-io\commons-io\2.6\commons-io-2.6.jar;C:\Users\Migihara\.m2\repository\commons-logging\commons-logging\1.2\commons-logging-1.2.jar;C:\Users\Migihara\.m2\repository\commons-net\commons-net\3.6\commons-net-3.6.jar;C:\Users\Migihara\.m2\repository\org\w3c\css\sac\1.3\sac-1.3.jar;C:\Users\Migihara\.m2\repository\net\sourceforge\cssparser\cssparser\0.9.24\cssparser-0.9.24.jar;C:\Users\Migihara\.m2\repository\com\google\code\gson\gson\2.8.2\gson-2.8.2.jar;C:\Users\Migihara\.m2\repository\com\google\guava\guava\23.0\guava-23.0.jar;C:\Users\Migihara\.m2\repository\com\google\code\findbugs\jsr305\1.3.9\jsr305-1.3.9.jar;C:\Users\Migihara\.m2\repository\com\google\errorprone\error_prone_annotations\2.0.18\error_prone_annotations-2.0.18.jar;C:\Users\Migihara\.m2\repository\com\google\j2objc\j2objc-annotations\1.1\j2objc-annotations-1.1.jar;C:\Users\Migihara\.m2\repository\org\codehaus\mojo\animal-sniffer-annotations\1.14\animal-sniffer-annotations-1.14.jar;C:\Users\Migihara\.m2\repository\net\sourceforge\htmlunit\htmlunit\2.28\htmlunit-2.28.jar;C:\Users\Migihara\.m2\repository\net\sourceforge\htmlunit\htmlunit-core-js\2.28\htmlunit-core-js-2.28.jar;C:\Users\Migihara\.m2\repository\net\sourceforge\htmlunit\neko-htmlunit\2.28\neko-htmlunit-2.28.jar;C:\Users\Migihara\.m2\repository\org\apache\httpcomponents\httpclient\4.5.3\httpclient-4.5.3.jar;C:\Users\Migihara\.m2\repository\org\apache\httpcomponents\httpcore\4.4.6\httpcore-4.4.6.jar;C:\Users\Migihara\.m2\repository\org\apache\httpcomponents\httpmime\4.5.3\httpmime-4.5.3.jar;C:\Users\Migihara\.m2\repository\net\jcip\jcip-annotations\1.0\jcip-annotations-1.0.jar;C:\Users\Migihara\.m2\repository\org\seleniumhq\selenium\jetty-repacked\9.4.7.v20170914\jetty-repacked-9.4.7.v20170914.jar;C:\Users\Migihara\.m2\repository\org\eclipse\jetty\jetty-client\9.4.7.v20170914\jetty-client-9.4.7.v20170914.jar;C:\Users\Migihara\.m2\repository\org\eclipse\jetty\jetty-http\9.4.7.v20170914\jetty-http-9.4.7.v20170914.jar;C:\Users\Migihara\.m2\repository\org\eclipse\jetty\jetty-io\9.4.7.v20170914\jetty-io-9.4.7.v20170914.jar;C:\Users\Migihara\.m2\repository\org\eclipse\jetty\jetty-util\9.4.7.v20170914\jetty-util-9.4.7.v20170914.jar;C:\Users\Migihara\.m2\repository\org\eclipse\jetty\jetty-xml\9.4.7.v20170914\jetty-xml-9.4.7.v20170914.jar;C:\Users\Migihara\.m2\repository\org\seleniumhq\selenium\htmlunit-driver\2.28\htmlunit-driver-2.28.jar;C:\Users\Migihara\.m2\repository\javax\servlet\javax.servlet-api\3.1.0\javax.servlet-api-3.1.0.jar;C:\Users\Migihara\.m2\repository\org\eclipse\jetty\websocket\websocket-api\9.4.7.v20170914\websocket-api-9.4.7.v20170914.jar;C:\Users\Migihara\.m2\repository\org\eclipse\jetty\websocket\websocket-client\9.4.7.v20170914\websocket-client-9.4.7.v20170914.jar;C:\Users\Migihara\.m2\repository\org\eclipse\jetty\websocket\websocket-common\9.4.7.v20170914\websocket-common-9.4.7.v20170914.jar;C:\Users\Migihara\.m2\repository\xalan\serializer\2.7.2\serializer-2.7.2.jar;C:\Users\Migihara\.m2\repository\xalan\xalan\2.7.2\xalan-2.7.2.jar;C:\Users\Migihara\.m2\repository\xerces\xercesImpl\2.11.0\xercesImpl-2.11.0.jar;C:\Users\Migihara\.m2\repository\xml-apis\xml-apis\1.4.01\xml-apis-1.4.01.jar;C:\Users\Migihara\.m2\repository\org\yaml\snakeyaml\1.15\snakeyaml-1.15.jar;"/>
    <property name="sun.cpu.endian" value="little"/>
    <property name="user.home" value="C:\Users\Migihara"/>
    <property name="user.language" value="ru"/>
    <property name="java.specification.vendor" value="Oracle Corporation"/>
    <property name="java.version.date" value="2024-03-19"/>
    <property name="java.home" value="C:\Program Files\Java\jdk-22"/>
    <property name="file.separator" value="\"/>
    <property name="basedir" value="D:\6\TPO\lab9\lab11"/>
    <property name="java.vm.compressedOopsMode" value="Zero based"/>
    <property name="line.separator" value="&#10;"/>
    <property name="java.vm.specification.vendor" value="Oracle Corporation"/>
    <property name="java.specification.name" value="Java Platform API Specification"/>
    <property name="surefire.real.class.path" value="C:\Users\Migihara\AppData\Local\Temp\surefire585628933193327466\surefirebooter10143843949508216678.jar"/>
    <property name="user.script" value=""/>
    <property name="sun.management.compiler" value="HotSpot 64-Bit Tiered Compilers"/>
    <property name="java.runtime.version" value="22+36-2370"/>
    <property name="user.name" value="Migihara"/>
    <property name="stdout.encoding" value="Cp1251"/>
    <property name="path.separator" value=";"/>
    <property name="os.version" value="10.0"/>
    <property name="java.runtime.name" value="Java(TM) SE Runtime Environment"/>
    <property name="file.encoding" value="UTF-8"/>
    <property name="java.vm.name" value="Java HotSpot(TM) 64-Bit Server VM"/>
    <property name="localRepository" value="C:\Users\Migihara\.m2\repository"/>
    <property name="java.vendor.url.bug" value="https://bugreport.java.com/bugreport/"/>
    <property name="java.io.tmpdir" value="C:\Users\Migihara\AppData\Local\Temp\"/>
    <property name="java.version" value="22"/>
    <property name="user.dir" value="D:\6\TPO\lab9\lab11"/>
    <property name="os.arch" value="amd64"/>
    <property name="java.vm.specification.name" value="Java Virtual Machine Specification"/>
    <property name="sun.os.patch.level" value=""/>
    <property name="native.encoding" value="Cp1251"/>
    <property name="java.library.path" value="C:\Program Files\Java\jdk-22\bin;C:\Windows\Sun\Java\bin;C:\Windows\system32;C:\Windows;C:\Program Files (x86)\Common Files\Oracle\Java\javapath;C:\Windows\system32;C:\Windows;C:\Windows\System32\Wbem;C:\Windows\System32\WindowsPowerShell\v1.0\;C:\Windows\System32\OpenSSH\;C:\Program Files (x86)\NVIDIA Corporation\PhysX\Common;C:\Program Files\Microsoft SQL Server\Client SDK\ODBC\170\Tools\Binn\;C:\Program Files\Common Files\Autodesk Shared\;C:\Program Files (x86)\Autodesk\Backburner\;C:\Program Files (x86)\Microsoft SQL Server\160\Tools\Binn\;C:\Program Files\Microsoft SQL Server\160\Tools\Binn\;C:\Program Files\Microsoft SQL Server\160\DTS\Binn\;C:\Program Files\Microsoft SQL Server\120\Tools\Binn\;C:\Program Files\Azure Data Studio\bin;C:\sqlite;C:\Program Files\dotnet\;C:\Program Files (x86)\Windows Kits\10\Windows Performance Toolkit\;D:\Git\cmd;C:\Program Files\nodejs\;C:\Program Files (x86)\GtkSharp\2.12\bin;C:\Program Files\Microsoft SQL Server\150\Tools\Binn\;C:\apache-maven-3.9.6\bin;C:\Program Files\Java\jdk-22\bin;C:\Program Files\Java\jdk-22;C:\Program Files\PuTTY\;C:\Users\Migihara\AppData\Local\Programs\Python\Launcher\;C:\Users\Migihara\AppData\Local\Microsoft\WindowsApps;;C:\Program Files\Azure Data Studio\bin;C:\Users\Migihara\.dotnet\tools;C:\Users\Migihara\AppData\Roaming\npm;C:\Users\Migihara\AppData\Local\Programs\Microsoft VS Code\bin;D:\Microsoft VS Code\bin;."/>
    <property name="java.vm.info" value="mixed mode, sharing"/>
    <property name="stderr.encoding" value="Cp1251"/>
    <property name="java.vendor" value="Oracle Corporation"/>
    <property name="java.vm.version" value="22+36-2370"/>
    <property name="sun.io.unicode.encoding" value="UnicodeLittle"/>
    <property name="java.class.version" value="66.0"/>
  </properties>
  <testcase name="testSearchAndNavigateToProductPage" classname="epam.lab9.WebDriverUnitTest" time="1.539">
    <error message="session not created: This version of Microsoft Edge WebDriver only supports Microsoft Edge version 123&#10;Current browser version is 125.0.2535.51 with binary path C:\Program Files (x86)\Microsoft\Edge\Application\msedge.exe&#10;Build info: version: &apos;3.8.1&apos;, revision: &apos;6e95a6684b&apos;, time: &apos;2017-12-01T18:33:54.468Z&apos;&#10;System info: host: &apos;DESKTOP-D53RL5C&apos;, ip: &apos;192.168.1.107&apos;, os.name: &apos;Windows 10&apos;, os.arch: &apos;amd64&apos;, os.version: &apos;10.0&apos;, java.version: &apos;22&apos;&#10;Driver info: driver.version: EdgeDriver&#10;remote stacktrace: 	GetHandleVerifier [0x00467A53+230547]&#10;	Microsoft::Applications::Events::time_ticks_t::time_ticks_t [0x00343C11+400897]&#10;	Microsoft::Applications::Events::ILogConfiguration::operator* [0x00156070+3568]&#10;	Microsoft::Applications::Events::GUID_t::GUID_t [0x0017F43D+65597]&#10;	Microsoft::Applications::Events::GUID_t::GUID_t [0x0017EAB0+63152]&#10;	Microsoft::Applications::Events::GUID_t::GUID_t [0x0017BCAF+51375]&#10;	Microsoft::Applications::Events::GUID_t::GUID_t [0x00177CCC+35020]&#10;	Microsoft::Applications::Events::GUID_t::GUID_t [0x001A8763+234339]&#10;	Microsoft::Applications::Events::GUID_t::GUID_t [0x001A805C+232540]&#10;	Microsoft::Applications::Events::GUID_t::GUID_t [0x0019EB86+194438]&#10;	Microsoft::Applications::Events::GUID_t::GUID_t [0x00182533+78131]&#10;	Microsoft::Applications::Events::GUID_t::GUID_t [0x00181515+74005]&#10;	Microsoft::Applications::Events::GUID_t::GUID_t [0x00181F3D+76605]&#10;	GetHandleVerifier [0x0055991C+1221468]&#10;	Microsoft::Applications::Events::FromJSON [0x0062A542+132370]&#10;	Microsoft::Applications::Events::FromJSON [0x00629EC7+130711]&#10;	Microsoft::Applications::Events::FromJSON [0x0061ED30+85248]&#10;	Microsoft::Applications::Events::FromJSON [0x0062AF1B+134891]&#10;	Microsoft::Applications::Events::time_ticks_t::time_ticks_t [0x00356ADF+478415]&#10;	Microsoft::Applications::Events::time_ticks_t::time_ticks_t [0x0034C5F8+436200]&#10;	Microsoft::Applications::Events::time_ticks_t::time_ticks_t [0x0034C76B+436571]&#10;	Microsoft::Applications::Events::time_ticks_t::time_ticks_t [0x00336DF4+348132]&#10;	BaseThreadInitThunk [0x760EFCC9+25]&#10;	RtlGetAppContainerNamedObjectPath [0x77997CBE+286]&#10;	RtlGetAppContainerNamedObjectPath [0x77997C8E+238]&#10;	(No symbol) [0x00000000]&#10;" type="org.openqa.selenium.SessionNotCreatedException">org.openqa.selenium.SessionNotCreatedException: 
session not created: This version of Microsoft Edge WebDriver only supports Microsoft Edge version 123
Current browser version is 125.0.2535.51 with binary path C:\Program Files (x86)\Microsoft\Edge\Application\msedge.exe
Build info: version: '3.8.1', revision: '6e95a6684b', time: '2017-12-01T18:33:54.468Z'
System info: host: 'DESKTOP-D53RL5C', ip: '192.168.1.107', os.name: 'Windows 10', os.arch: 'amd64', os.version: '10.0', java.version: '22'
Driver info: driver.version: EdgeDriver
remote stacktrace: 	GetHandleVerifier [0x00467A53+230547]
	Microsoft::Applications::Events::time_ticks_t::time_ticks_t [0x00343C11+400897]
	Microsoft::Applications::Events::ILogConfiguration::operator* [0x00156070+3568]
	Microsoft::Applications::Events::GUID_t::GUID_t [0x0017F43D+65597]
	Microsoft::Applications::Events::GUID_t::GUID_t [0x0017EAB0+63152]
	Microsoft::Applications::Events::GUID_t::GUID_t [0x0017BCAF+51375]
	Microsoft::Applications::Events::GUID_t::GUID_t [0x00177CCC+35020]
	Microsoft::Applications::Events::GUID_t::GUID_t [0x001A8763+234339]
	Microsoft::Applications::Events::GUID_t::GUID_t [0x001A805C+232540]
	Microsoft::Applications::Events::GUID_t::GUID_t [0x0019EB86+194438]
	Microsoft::Applications::Events::GUID_t::GUID_t [0x00182533+78131]
	Microsoft::Applications::Events::GUID_t::GUID_t [0x00181515+74005]
	Microsoft::Applications::Events::GUID_t::GUID_t [0x00181F3D+76605]
	GetHandleVerifier [0x0055991C+1221468]
	Microsoft::Applications::Events::FromJSON [0x0062A542+132370]
	Microsoft::Applications::Events::FromJSON [0x00629EC7+130711]
	Microsoft::Applications::Events::FromJSON [0x0061ED30+85248]
	Microsoft::Applications::Events::FromJSON [0x0062AF1B+134891]
	Microsoft::Applications::Events::time_ticks_t::time_ticks_t [0x00356ADF+478415]
	Microsoft::Applications::Events::time_ticks_t::time_ticks_t [0x0034C5F8+436200]
	Microsoft::Applications::Events::time_ticks_t::time_ticks_t [0x0034C76B+436571]
	Microsoft::Applications::Events::time_ticks_t::time_ticks_t [0x00336DF4+348132]
	BaseThreadInitThunk [0x760EFCC9+25]
	RtlGetAppContainerNamedObjectPath [0x77997CBE+286]
	RtlGetAppContainerNamedObjectPath [0x77997C8E+238]
	(No symbol) [0x00000000]

	at epam.lab9.WebDriverUnitTest.setUp(WebDriverUnitTest.java:21)
</error>
    <system-err><![CDATA[Starting Microsoft Edge WebDriver 123.0.2420.81 (8acdca46cf48004ffbe58ea55a26ef75d019022e) on port 48911
To submit feedback, report a bug, or suggest new features, please visit https://github.com/MicrosoftEdge/EdgeWebDriver

Only local connections are allowed.
Please see https://aka.ms/WebDriverSecurity for suggestions on keeping Microsoft Edge WebDriver safe.

Microsoft Edge WebDriver was started successfully.
]]></system-err>
  </testcase>
</testsuite>